2020-07-07 07:12:16 [scrapy.utils.log] INFO: Scrapy 2.1.0 started (bot: movies)
2020-07-07 07:12:16 [scrapy.utils.log] INFO: Versions: lxml 4.5.0.0, libxml2 2.9.10, cssselect 1.1.0, parsel 1.6.0, w3lib 1.22.0, Twisted 20.3.0, Python 3.7.6 (v3.7.6:43364a7ae0, Dec 18 2019, 14:18:50) - [Clang 6.0 (clang-600.0.57)], pyOpenSSL 19.1.0 (OpenSSL 1.1.1g  21 Apr 2020), cryptography 2.9.2, Platform Darwin-19.5.0-x86_64-i386-64bit
2020-07-07 07:12:16 [scrapy.utils.log] DEBUG: Using reactor: twisted.internet.selectreactor.SelectReactor
2020-07-07 07:12:16 [scrapy.crawler] INFO: Overridden settings:
{'BOT_NAME': 'movies',
 'DOWNLOAD_DELAY': 0.5,
 'DOWNLOAD_TIMEOUT': 5,
 'DOWNLOAD_WARNSIZE': 0,
 'LOG_FILE': 'log/scrapy_log_20200707_071216.log',
 'NEWSPIDER_MODULE': 'movies.spiders',
 'SPIDER_MODULES': ['movies.spiders'],
 'USER_AGENT': 'Mozilla/5.0 (Macintosh; Intel Mac OS X 10_15_1) '
               'AppleWebKit/537.36 (KHTML, like Gecko) Chrome/83.0.4103.116 '
               'Safari/537.36'}
2020-07-07 07:12:16 [scrapy.extensions.telnet] INFO: Telnet Password: 791f94c61605b2e7
2020-07-07 07:12:16 [scrapy.middleware] INFO: Enabled extensions:
['scrapy.extensions.corestats.CoreStats',
 'scrapy.extensions.telnet.TelnetConsole',
 'scrapy.extensions.memusage.MemoryUsage',
 'scrapy.extensions.logstats.LogStats']
2020-07-07 07:12:16 [twisted] CRITICAL: Unhandled error in Deferred:
2020-07-07 07:12:16 [twisted] CRITICAL: 
Traceback (most recent call last):
  File "/Library/Frameworks/Python.framework/Versions/3.7/lib/python3.7/site-packages/scrapy/utils/misc.py", line 53, in load_object
    obj = getattr(mod, name)
AttributeError: module 'movies.middlewares' has no attribute 'RandomHttpProxyMiddleware'

During handling of the above exception, another exception occurred:

Traceback (most recent call last):
  File "/Library/Frameworks/Python.framework/Versions/3.7/lib/python3.7/site-packages/twisted/internet/defer.py", line 1418, in _inlineCallbacks
    result = g.send(result)
  File "/Library/Frameworks/Python.framework/Versions/3.7/lib/python3.7/site-packages/scrapy/crawler.py", line 87, in crawl
    self.engine = self._create_engine()
  File "/Library/Frameworks/Python.framework/Versions/3.7/lib/python3.7/site-packages/scrapy/crawler.py", line 101, in _create_engine
    return ExecutionEngine(self, lambda _: self.stop())
  File "/Library/Frameworks/Python.framework/Versions/3.7/lib/python3.7/site-packages/scrapy/core/engine.py", line 69, in __init__
    self.downloader = downloader_cls(crawler)
  File "/Library/Frameworks/Python.framework/Versions/3.7/lib/python3.7/site-packages/scrapy/core/downloader/__init__.py", line 83, in __init__
    self.middleware = DownloaderMiddlewareManager.from_crawler(crawler)
  File "/Library/Frameworks/Python.framework/Versions/3.7/lib/python3.7/site-packages/scrapy/middleware.py", line 53, in from_crawler
    return cls.from_settings(crawler.settings, crawler)
  File "/Library/Frameworks/Python.framework/Versions/3.7/lib/python3.7/site-packages/scrapy/middleware.py", line 34, in from_settings
    mwcls = load_object(clspath)
  File "/Library/Frameworks/Python.framework/Versions/3.7/lib/python3.7/site-packages/scrapy/utils/misc.py", line 55, in load_object
    raise NameError("Module '%s' doesn't define any object named '%s'" % (module, name))
NameError: Module 'movies.middlewares' doesn't define any object named 'RandomHttpProxyMiddleware'
